# JRE version: OpenJDK Runtime Environment (17.0.11) (build 17.0.11+0--11852314)
# Java VM: OpenJDK 64-Bit Server VM (17.0.11+0--11852314, mixed mode, tiered, compressed oops, compressed class ptrs, g1 gc, windows-amd64)
GC Precious Log:
 CPUs: 12 total, 12 available
 Memory: 7514M
 Large Page Support: Disabled
 NUMA Support: Disabled
 Compressed Oops: Enabled (32-bit)
 Heap Region Size: 1M
 Heap Min Capacity: 8M
 Heap Initial Capacity: 118M
 Heap Max Capacity: 2G
 Pre-touch: Disabled
 Parallel Workers: 10
 Concurrent Workers: 3
 Concurrent Refinement Workers: 10
 Periodic GC: Disabled
Heap:
 garbage-first heap   total 186368K, used 102222K [0x0000000080000000, 0x0000000100000000)
  region size 1024K, 2 young (2048K), 2 survivors (2048K)
 Metaspace       used 85256K, committed 86016K, reserved 1179648K
  class space    used 11482K, committed 11840K, reserved 1048576K
GC Heap History (20 events):
Event: 9.485 GC heap after
{Heap after GC invocations=30 (full 0):
 garbage-first heap   total 146432K, used 77247K [0x0000000080000000, 0x0000000100000000)
  region size 1024K, 1 young (1024K), 1 survivors (1024K)
 Metaspace       used 67279K, committed 67904K, reserved 1114112K
  class space    used 9197K, committed 9472K, reserved 1048576K
}
Event: 10.112 GC heap before
{Heap before GC invocations=30 (full 0):
 garbage-first heap   total 146432K, used 110015K [0x0000000080000000, 0x0000000100000000)
  region size 1024K, 34 young (34816K), 1 survivors (1024K)
 Metaspace       used 68032K, committed 68736K, reserved 1114112K
  class space    used 9246K, committed 9536K, reserved 1048576K
}
Event: 10.116 GC heap after
{Heap after GC invocations=31 (full 0):
 garbage-first heap   total 176128K, used 81525K [0x0000000080000000, 0x0000000100000000)
  region size 1024K, 5 young (5120K), 5 survivors (5120K)
 Metaspace       used 68032K, committed 68736K, reserved 1114112K
  class space    used 9246K, committed 9536K, reserved 1048576K
}
Event: 10.862 GC heap before
{Heap before GC invocations=32 (full 0):
 garbage-first heap   total 176128K, used 136821K [0x0000000080000000, 0x0000000100000000)
  region size 1024K, 52 young (53248K), 5 survivors (5120K)
 Metaspace       used 69869K, committed 70592K, reserved 1114112K
  class space    used 9480K, committed 9792K, reserved 1048576K
}
Event: 10.868 GC heap after
{Heap after GC invocations=33 (full 0):
 garbage-first heap   total 176128K, used 93701K [0x0000000080000000, 0x0000000100000000)
  region size 1024K, 7 young (7168K), 7 survivors (7168K)
 Metaspace       used 69869K, committed 70592K, reserved 1114112K
  class space    used 9480K, committed 9792K, reserved 1048576K
}
Event: 10.887 GC heap before
{Heap before GC invocations=33 (full 0):
 garbage-first heap   total 176128K, used 94725K [0x0000000080000000, 0x0000000100000000)
  region size 1024K, 8 young (8192K), 7 survivors (7168K)
 Metaspace       used 69956K, committed 70656K, reserved 1114112K
  class space    used 9487K, committed 9792K, reserved 1048576K
}
Event: 10.891 GC heap after
{Heap after GC invocations=34 (full 0):
 garbage-first heap   total 176128K, used 94018K [0x0000000080000000, 0x0000000100000000)
  region size 1024K, 1 young (1024K), 1 survivors (1024K)
 Metaspace       used 69956K, committed 70656K, reserved 1114112K
  class space    used 9487K, committed 9792K, reserved 1048576K
}
Event: 11.370 GC heap before
{Heap before GC invocations=34 (full 0):
 garbage-first heap   total 176128K, used 132930K [0x0000000080000000, 0x0000000100000000)
  region size 1024K, 39 young (39936K), 1 survivors (1024K)
 Metaspace       used 73452K, committed 74112K, reserved 1114112K
  class space    used 9892K, committed 10176K, reserved 1048576K
}
Event: 11.373 GC heap after
{Heap after GC invocations=35 (full 0):
 garbage-first heap   total 176128K, used 94432K [0x0000000080000000, 0x0000000100000000)
  region size 1024K, 1 young (1024K), 1 survivors (1024K)
 Metaspace       used 73452K, committed 74112K, reserved 1114112K
  class space    used 9892K, committed 10176K, reserved 1048576K
}
Event: 11.944 GC heap before
{Heap before GC invocations=36 (full 0):
 garbage-first heap   total 176128K, used 136416K [0x0000000080000000, 0x0000000100000000)
  region size 1024K, 42 young (43008K), 1 survivors (1024K)
 Metaspace       used 77815K, committed 78528K, reserved 1179648K
  class space    used 10444K, committed 10752K, reserved 1048576K
}
Event: 11.947 GC heap after
{Heap after GC invocations=37 (full 0):
 garbage-first heap   total 176128K, used 95657K [0x0000000080000000, 0x0000000100000000)
  region size 1024K, 3 young (3072K), 3 survivors (3072K)
 Metaspace       used 77815K, committed 78528K, reserved 1179648K
  class space    used 10444K, committed 10752K, reserved 1048576K
}
Event: 11.990 GC heap before
{Heap before GC invocations=37 (full 0):
 garbage-first heap   total 176128K, used 100777K [0x0000000080000000, 0x0000000100000000)
  region size 1024K, 8 young (8192K), 3 survivors (3072K)
 Metaspace       used 78112K, committed 78848K, reserved 1179648K
  class space    used 10491K, committed 10816K, reserved 1048576K
}
Event: 11.993 GC heap after
{Heap after GC invocations=38 (full 0):
 garbage-first heap   total 176128K, used 95980K [0x0000000080000000, 0x0000000100000000)
  region size 1024K, 1 young (1024K), 1 survivors (1024K)
 Metaspace       used 78112K, committed 78848K, reserved 1179648K
  class space    used 10491K, committed 10816K, reserved 1048576K
}
Event: 12.022 GC heap before
{Heap before GC invocations=38 (full 0):
 garbage-first heap   total 176128K, used 98028K [0x0000000080000000, 0x0000000100000000)
  region size 1024K, 4 young (4096K), 1 survivors (1024K)
 Metaspace       used 78272K, committed 79040K, reserved 1179648K
  class space    used 10508K, committed 10880K, reserved 1048576K
}
Event: 12.024 GC heap after
{Heap after GC invocations=39 (full 0):
 garbage-first heap   total 176128K, used 96524K [0x0000000080000000, 0x0000000100000000)
  region size 1024K, 2 young (2048K), 2 survivors (2048K)
 Metaspace       used 78272K, committed 79040K, reserved 1179648K
  class space    used 10508K, committed 10880K, reserved 1048576K
}
Event: 12.409 GC heap before
{Heap before GC invocations=40 (full 0):
 garbage-first heap   total 186368K, used 144652K [0x0000000080000000, 0x0000000100000000)
  region size 1024K, 44 young (45056K), 2 survivors (2048K)
 Metaspace       used 80562K, committed 81344K, reserved 1179648K
  class space    used 10832K, committed 11200K, reserved 1048576K
}
Event: 12.413 GC heap after
{Heap after GC invocations=41 (full 0):
 garbage-first heap   total 186368K, used 100979K [0x0000000080000000, 0x0000000100000000)
  region size 1024K, 5 young (5120K), 5 survivors (5120K)
 Metaspace       used 80562K, committed 81344K, reserved 1179648K
  class space    used 10832K, committed 11200K, reserved 1048576K
}
Event: 12.465 GC heap before
{Heap before GC invocations=41 (full 0):
 garbage-first heap   total 186368K, used 105075K [0x0000000080000000, 0x0000000100000000)
  region size 1024K, 9 young (9216K), 5 survivors (5120K)
 Metaspace       used 80816K, committed 81536K, reserved 1179648K
  class space    used 10865K, committed 11200K, reserved 1048576K
}
Event: 12.470 GC heap after
{Heap after GC invocations=42 (full 0):
 garbage-first heap   total 186368K, used 101188K [0x0000000080000000, 0x0000000100000000)
  region size 1024K, 1 young (1024K), 1 survivors (1024K)
 Metaspace       used 80816K, committed 81536K, reserved 1179648K
  class space    used 10865K, committed 11200K, reserved 1048576K
}
Event: 13.008 GC heap before
{Heap before GC invocations=42 (full 0):
 garbage-first heap   total 186368K, used 146244K [0x0000000080000000, 0x0000000100000000)
  region size 1024K, 45 young (46080K), 1 survivors (1024K)
 Metaspace       used 85256K, committed 86016K, reserved 1179648K
  class space    used 11482K, committed 11840K, reserved 1048576K
}

