# JRE version: OpenJDK Runtime Environment (17.0.11) (build 17.0.11+0--11852314)
# Java VM: OpenJDK 64-Bit Server VM (17.0.11+0--11852314, mixed mode, tiered, compressed oops, compressed class ptrs, g1 gc, windows-amd64)
GC Precious Log:
 CPUs: 12 total, 12 available
 Memory: 7514M
 Large Page Support: Disabled
 NUMA Support: Disabled
 Compressed Oops: Enabled (32-bit)
 Heap Region Size: 1M
 Heap Min Capacity: 8M
 Heap Initial Capacity: 118M
 Heap Max Capacity: 2G
 Pre-touch: Disabled
 Parallel Workers: 10
 Concurrent Workers: 3
 Concurrent Refinement Workers: 10
 Periodic GC: Disabled
Heap:
 garbage-first heap   total 323584K, used 258130K [0x0000000080000000, 0x0000000100000000)
  region size 1024K, 75 young (76800K), 12 survivors (12288K)
 Metaspace       used 129563K, committed 130752K, reserved 1179648K
  class space    used 17215K, committed 17792K, reserved 1048576K
GC Heap History (20 events):
Event: 18.094 GC heap before
{Heap before GC invocations=34 (full 0):
 garbage-first heap   total 323584K, used 269534K [0x0000000080000000, 0x0000000100000000)
  region size 1024K, 113 young (115712K), 9 survivors (9216K)
 Metaspace       used 102987K, committed 103936K, reserved 1179648K
  class space    used 14079K, committed 14528K, reserved 1048576K
}
Event: 18.102 GC heap after
{Heap after GC invocations=35 (full 0):
 garbage-first heap   total 323584K, used 165839K [0x0000000080000000, 0x0000000100000000)
  region size 1024K, 8 young (8192K), 8 survivors (8192K)
 Metaspace       used 102987K, committed 103936K, reserved 1179648K
  class space    used 14079K, committed 14528K, reserved 1048576K
}
Event: 18.544 GC heap before
{Heap before GC invocations=35 (full 0):
 garbage-first heap   total 323584K, used 271311K [0x0000000080000000, 0x0000000100000000)
  region size 1024K, 111 young (113664K), 8 survivors (8192K)
 Metaspace       used 102987K, committed 103936K, reserved 1179648K
  class space    used 14079K, committed 14528K, reserved 1048576K
}
Event: 18.552 GC heap after
{Heap after GC invocations=36 (full 0):
 garbage-first heap   total 323584K, used 169525K [0x0000000080000000, 0x0000000100000000)
  region size 1024K, 9 young (9216K), 9 survivors (9216K)
 Metaspace       used 102987K, committed 103936K, reserved 1179648K
  class space    used 14079K, committed 14528K, reserved 1048576K
}
Event: 19.297 GC heap before
{Heap before GC invocations=36 (full 0):
 garbage-first heap   total 323584K, used 272949K [0x0000000080000000, 0x0000000100000000)
  region size 1024K, 109 young (111616K), 9 survivors (9216K)
 Metaspace       used 107445K, committed 108352K, reserved 1179648K
  class space    used 14598K, committed 15040K, reserved 1048576K
}
Event: 19.308 GC heap after
{Heap after GC invocations=37 (full 0):
 garbage-first heap   total 323584K, used 173334K [0x0000000080000000, 0x0000000100000000)
  region size 1024K, 10 young (10240K), 10 survivors (10240K)
 Metaspace       used 107445K, committed 108352K, reserved 1179648K
  class space    used 14598K, committed 15040K, reserved 1048576K
}
Event: 19.859 GC heap before
{Heap before GC invocations=37 (full 0):
 garbage-first heap   total 323584K, used 214294K [0x0000000080000000, 0x0000000100000000)
  region size 1024K, 51 young (52224K), 10 survivors (10240K)
 Metaspace       used 111368K, committed 112256K, reserved 1179648K
  class space    used 15153K, committed 15552K, reserved 1048576K
}
Event: 19.867 GC heap after
{Heap after GC invocations=38 (full 0):
 garbage-first heap   total 323584K, used 174998K [0x0000000080000000, 0x0000000100000000)
  region size 1024K, 8 young (8192K), 8 survivors (8192K)
 Metaspace       used 111368K, committed 112256K, reserved 1179648K
  class space    used 15153K, committed 15552K, reserved 1048576K
}
Event: 20.735 GC heap before
{Heap before GC invocations=39 (full 0):
 garbage-first heap   total 323584K, used 272278K [0x0000000080000000, 0x0000000100000000)
  region size 1024K, 104 young (106496K), 8 survivors (8192K)
 Metaspace       used 114816K, committed 115776K, reserved 1179648K
  class space    used 15536K, committed 16000K, reserved 1048576K
}
Event: 20.748 GC heap after
{Heap after GC invocations=40 (full 0):
 garbage-first heap   total 323584K, used 180248K [0x0000000080000000, 0x0000000100000000)
  region size 1024K, 10 young (10240K), 10 survivors (10240K)
 Metaspace       used 114816K, committed 115776K, reserved 1179648K
  class space    used 15536K, committed 16000K, reserved 1048576K
}
Event: 20.759 GC heap before
{Heap before GC invocations=40 (full 0):
 garbage-first heap   total 323584K, used 185368K [0x0000000080000000, 0x0000000100000000)
  region size 1024K, 15 young (15360K), 10 survivors (10240K)
 Metaspace       used 114817K, committed 115776K, reserved 1179648K
  class space    used 15536K, committed 16000K, reserved 1048576K
}
Event: 20.768 GC heap after
{Heap after GC invocations=41 (full 0):
 garbage-first heap   total 323584K, used 178640K [0x0000000080000000, 0x0000000100000000)
  region size 1024K, 2 young (2048K), 2 survivors (2048K)
 Metaspace       used 114817K, committed 115776K, reserved 1179648K
  class space    used 15536K, committed 16000K, reserved 1048576K
}
Event: 21.455 GC heap before
{Heap before GC invocations=41 (full 0):
 garbage-first heap   total 323584K, used 270800K [0x0000000080000000, 0x0000000100000000)
  region size 1024K, 93 young (95232K), 2 survivors (2048K)
 Metaspace       used 117099K, committed 118080K, reserved 1179648K
  class space    used 15784K, committed 16256K, reserved 1048576K
}
Event: 21.464 GC heap after
{Heap after GC invocations=42 (full 0):
 garbage-first heap   total 323584K, used 184112K [0x0000000080000000, 0x0000000100000000)
  region size 1024K, 8 young (8192K), 8 survivors (8192K)
 Metaspace       used 117099K, committed 118080K, reserved 1179648K
  class space    used 15784K, committed 16256K, reserved 1048576K
}
Event: 22.105 GC heap before
{Heap before GC invocations=42 (full 0):
 garbage-first heap   total 323584K, used 270128K [0x0000000080000000, 0x0000000100000000)
  region size 1024K, 92 young (94208K), 8 survivors (8192K)
 Metaspace       used 117882K, committed 118848K, reserved 1179648K
  class space    used 15844K, committed 16320K, reserved 1048576K
}
Event: 22.113 GC heap after
{Heap after GC invocations=43 (full 0):
 garbage-first heap   total 323584K, used 185472K [0x0000000080000000, 0x0000000100000000)
  region size 1024K, 2 young (2048K), 2 survivors (2048K)
 Metaspace       used 117882K, committed 118848K, reserved 1179648K
  class space    used 15844K, committed 16320K, reserved 1048576K
}
Event: 23.067 GC heap before
{Heap before GC invocations=43 (full 0):
 garbage-first heap   total 323584K, used 272512K [0x0000000080000000, 0x0000000100000000)
  region size 1024K, 88 young (90112K), 2 survivors (2048K)
 Metaspace       used 122919K, committed 123968K, reserved 1179648K
  class space    used 16391K, committed 16896K, reserved 1048576K
}
Event: 23.075 GC heap after
{Heap after GC invocations=44 (full 0):
 garbage-first heap   total 323584K, used 188095K [0x0000000080000000, 0x0000000100000000)
  region size 1024K, 5 young (5120K), 5 survivors (5120K)
 Metaspace       used 122919K, committed 123968K, reserved 1179648K
  class space    used 16391K, committed 16896K, reserved 1048576K
}
Event: 108.202 GC heap before
{Heap before GC invocations=44 (full 0):
 garbage-first heap   total 323584K, used 273087K [0x0000000080000000, 0x0000000100000000)
  region size 1024K, 89 young (91136K), 5 survivors (5120K)
 Metaspace       used 126341K, committed 127488K, reserved 1179648K
  class space    used 16766K, committed 17344K, reserved 1048576K
}
Event: 108.213 GC heap after
{Heap after GC invocations=45 (full 0):
 garbage-first heap   total 323584K, used 195666K [0x0000000080000000, 0x0000000100000000)
  region size 1024K, 12 young (12288K), 12 survivors (12288K)
 Metaspace       used 126341K, committed 127488K, reserved 1179648K
  class space    used 16766K, committed 17344K, reserved 1048576K
}

