# JRE version: OpenJDK Runtime Environment (17.0.11) (build 17.0.11+0--11852314)
# Java VM: OpenJDK 64-Bit Server VM (17.0.11+0--11852314, mixed mode, tiered, compressed oops, compressed class ptrs, g1 gc, windows-amd64)
GC Precious Log:
 CPUs: 12 total, 12 available
 Memory: 7514M
 Large Page Support: Disabled
 NUMA Support: Disabled
 Compressed Oops: Enabled (32-bit)
 Heap Region Size: 1M
 Heap Min Capacity: 8M
 Heap Initial Capacity: 118M
 Heap Max Capacity: 2G
 Pre-touch: Disabled
 Parallel Workers: 10
 Concurrent Workers: 3
 Concurrent Refinement Workers: 10
 Periodic GC: Disabled
Heap:
 garbage-first heap   total 235520K, used 177454K [0x0000000080000000, 0x0000000100000000)
  region size 1024K, 79 young (80896K), 4 survivors (4096K)
 Metaspace       used 84269K, committed 85056K, reserved 1179648K
  class space    used 11357K, committed 11712K, reserved 1048576K
GC Heap History (20 events):
Event: 4.990 GC heap before
{Heap before GC invocations=24 (full 0):
 garbage-first heap   total 119808K, used 71331K [0x0000000080000000, 0x0000000100000000)
  region size 1024K, 8 young (8192K), 3 survivors (3072K)
 Metaspace       used 51345K, committed 51904K, reserved 1114112K
  class space    used 6935K, committed 7168K, reserved 1048576K
}
Event: 4.993 GC heap after
{Heap after GC invocations=25 (full 0):
 garbage-first heap   total 144384K, used 70251K [0x0000000080000000, 0x0000000100000000)
  region size 1024K, 2 young (2048K), 2 survivors (2048K)
 Metaspace       used 51345K, committed 51904K, reserved 1114112K
  class space    used 6935K, committed 7168K, reserved 1048576K
}
Event: 5.213 GC heap before
{Heap before GC invocations=26 (full 0):
 garbage-first heap   total 144384K, used 97899K [0x0000000080000000, 0x0000000100000000)
  region size 1024K, 27 young (27648K), 2 survivors (2048K)
 Metaspace       used 53610K, committed 54208K, reserved 1114112K
  class space    used 7175K, committed 7488K, reserved 1048576K
}
Event: 5.215 GC heap after
{Heap after GC invocations=27 (full 0):
 garbage-first heap   total 144384K, used 70642K [0x0000000080000000, 0x0000000100000000)
  region size 1024K, 2 young (2048K), 2 survivors (2048K)
 Metaspace       used 53610K, committed 54208K, reserved 1114112K
  class space    used 7175K, committed 7488K, reserved 1048576K
}
Event: 5.603 GC heap before
{Heap before GC invocations=27 (full 0):
 garbage-first heap   total 144384K, used 99314K [0x0000000080000000, 0x0000000100000000)
  region size 1024K, 30 young (30720K), 2 survivors (2048K)
 Metaspace       used 56589K, committed 57216K, reserved 1114112K
  class space    used 7656K, committed 7936K, reserved 1048576K
}
Event: 5.607 GC heap after
{Heap after GC invocations=28 (full 0):
 garbage-first heap   total 144384K, used 72970K [0x0000000080000000, 0x0000000100000000)
  region size 1024K, 4 young (4096K), 4 survivors (4096K)
 Metaspace       used 56589K, committed 57216K, reserved 1114112K
  class space    used 7656K, committed 7936K, reserved 1048576K
}
Event: 6.050 GC heap before
{Heap before GC invocations=29 (full 0):
 garbage-first heap   total 144384K, used 103690K [0x0000000080000000, 0x0000000100000000)
  region size 1024K, 34 young (34816K), 4 survivors (4096K)
 Metaspace       used 59629K, committed 60224K, reserved 1114112K
  class space    used 8190K, committed 8448K, reserved 1048576K
}
Event: 6.055 GC heap after
{Heap after GC invocations=30 (full 0):
 garbage-first heap   total 144384K, used 74983K [0x0000000080000000, 0x0000000100000000)
  region size 1024K, 5 young (5120K), 5 survivors (5120K)
 Metaspace       used 59629K, committed 60224K, reserved 1114112K
  class space    used 8190K, committed 8448K, reserved 1048576K
}
Event: 6.073 GC heap before
{Heap before GC invocations=30 (full 0):
 garbage-first heap   total 144384K, used 76007K [0x0000000080000000, 0x0000000100000000)
  region size 1024K, 7 young (7168K), 5 survivors (5120K)
 Metaspace       used 59858K, committed 60544K, reserved 1114112K
  class space    used 8224K, committed 8512K, reserved 1048576K
}
Event: 6.077 GC heap after
{Heap after GC invocations=31 (full 0):
 garbage-first heap   total 144384K, used 75064K [0x0000000080000000, 0x0000000100000000)
  region size 1024K, 1 young (1024K), 1 survivors (1024K)
 Metaspace       used 59858K, committed 60544K, reserved 1114112K
  class space    used 8224K, committed 8512K, reserved 1048576K
}
Event: 6.608 GC heap before
{Heap before GC invocations=31 (full 0):
 garbage-first heap   total 144384K, used 106808K [0x0000000080000000, 0x0000000100000000)
  region size 1024K, 32 young (32768K), 1 survivors (1024K)
 Metaspace       used 61862K, committed 62528K, reserved 1114112K
  class space    used 8495K, committed 8768K, reserved 1048576K
}
Event: 6.614 GC heap after
{Heap after GC invocations=32 (full 0):
 garbage-first heap   total 235520K, used 78310K [0x0000000080000000, 0x0000000100000000)
  region size 1024K, 4 young (4096K), 4 survivors (4096K)
 Metaspace       used 61862K, committed 62528K, reserved 1114112K
  class space    used 8495K, committed 8768K, reserved 1048576K
}
Event: 7.335 GC heap before
{Heap before GC invocations=33 (full 0):
 garbage-first heap   total 235520K, used 165350K [0x0000000080000000, 0x0000000100000000)
  region size 1024K, 83 young (84992K), 4 survivors (4096K)
 Metaspace       used 65126K, committed 65856K, reserved 1114112K
  class space    used 8910K, committed 9216K, reserved 1048576K
}
Event: 7.345 GC heap after
{Heap after GC invocations=34 (full 0):
 garbage-first heap   total 235520K, used 92851K [0x0000000080000000, 0x0000000100000000)
  region size 1024K, 11 young (11264K), 11 survivors (11264K)
 Metaspace       used 65126K, committed 65856K, reserved 1114112K
  class space    used 8910K, committed 9216K, reserved 1048576K
}
Event: 7.353 GC heap before
{Heap before GC invocations=34 (full 0):
 garbage-first heap   total 235520K, used 93875K [0x0000000080000000, 0x0000000100000000)
  region size 1024K, 12 young (12288K), 11 survivors (11264K)
 Metaspace       used 65234K, committed 65920K, reserved 1114112K
  class space    used 8922K, committed 9216K, reserved 1048576K
}
Event: 7.361 GC heap after
{Heap after GC invocations=35 (full 0):
 garbage-first heap   total 235520K, used 92931K [0x0000000080000000, 0x0000000100000000)
  region size 1024K, 1 young (1024K), 1 survivors (1024K)
 Metaspace       used 65234K, committed 65920K, reserved 1114112K
  class space    used 8922K, committed 9216K, reserved 1048576K
}
Event: 8.239 GC heap before
{Heap before GC invocations=35 (full 0):
 garbage-first heap   total 235520K, used 175875K [0x0000000080000000, 0x0000000100000000)
  region size 1024K, 78 young (79872K), 1 survivors (1024K)
 Metaspace       used 73326K, committed 74048K, reserved 1114112K
  class space    used 9862K, committed 10176K, reserved 1048576K
}
Event: 8.246 GC heap after
{Heap after GC invocations=36 (full 0):
 garbage-first heap   total 235520K, used 100838K [0x0000000080000000, 0x0000000100000000)
  region size 1024K, 6 young (6144K), 6 survivors (6144K)
 Metaspace       used 73326K, committed 74048K, reserved 1114112K
  class space    used 9862K, committed 10176K, reserved 1048576K
}
Event: 8.980 GC heap before
{Heap before GC invocations=36 (full 0):
 garbage-first heap   total 235520K, used 178662K [0x0000000080000000, 0x0000000100000000)
  region size 1024K, 81 young (82944K), 6 survivors (6144K)
 Metaspace       used 79096K, committed 79808K, reserved 1179648K
  class space    used 10672K, committed 11008K, reserved 1048576K
}
Event: 8.986 GC heap after
{Heap after GC invocations=37 (full 0):
 garbage-first heap   total 235520K, used 101678K [0x0000000080000000, 0x0000000100000000)
  region size 1024K, 4 young (4096K), 4 survivors (4096K)
 Metaspace       used 79096K, committed 79808K, reserved 1179648K
  class space    used 10672K, committed 11008K, reserved 1048576K
}

